[2024-12-07T12:10:14.502] [INFO] FinTrack - Starting application...
[2024-12-07T12:10:14.503] [INFO] FinTrack - Starting server...
[2024-12-07T12:10:14.505] [INFO] FinTrack - Defining UI routes...
[2024-12-07T12:10:14.505] [INFO] FinTrack - Defining API routes...
[2024-12-07T12:10:14.505] [DEBUG] FinTrack - Version route created
[2024-12-07T12:10:14.505] [DEBUG] FinTrack - Dashboard route created
[2024-12-07T12:10:14.506] [DEBUG] FinTrack - Expenses route created
[2024-12-07T12:10:14.506] [DEBUG] FinTrack - AutoDebits route created
[2024-12-07T12:10:14.506] [DEBUG] FinTrack - Account route created
[2024-12-07T12:10:14.506] [DEBUG] FinTrack - Preferences route created
[2024-12-07T12:10:14.507] [DEBUG] FinTrack - Settings route created
[2024-12-07T12:10:14.509] [INFO] FinTrack - Server started on port 3000
[2024-12-07T12:10:14.579] [INFO] FinTrack - App is ready. Starting Main Window...
[2024-12-07T12:10:14.579] [DEBUG] FinTrack - Creating window...
[2024-12-07T12:10:14.640] [INFO] FinTrack - Loading User Interface...
[2024-12-07T12:10:45.514] [INFO] FinTrack - Starting application...
[2024-12-07T12:10:45.516] [INFO] FinTrack - Starting server...
[2024-12-07T12:10:45.517] [INFO] FinTrack - Defining UI routes...
[2024-12-07T12:10:45.517] [INFO] FinTrack - Defining API routes...
[2024-12-07T12:10:45.518] [DEBUG] FinTrack - Version route created
[2024-12-07T12:10:45.518] [DEBUG] FinTrack - Dashboard route created
[2024-12-07T12:10:45.518] [DEBUG] FinTrack - Expenses route created
[2024-12-07T12:10:45.519] [DEBUG] FinTrack - AutoDebits route created
[2024-12-07T12:10:45.519] [DEBUG] FinTrack - Account route created
[2024-12-07T12:10:45.519] [DEBUG] FinTrack - Preferences route created
[2024-12-07T12:10:45.520] [DEBUG] FinTrack - Settings route created
[2024-12-07T12:10:45.522] [INFO] FinTrack - Server started on port 3000
[2024-12-07T12:10:45.709] [INFO] FinTrack - App is ready. Starting Main Window...
[2024-12-07T12:10:45.710] [DEBUG] FinTrack - Creating window...
[2024-12-07T12:10:45.783] [INFO] FinTrack - Loading User Interface...
[2024-12-07T12:11:19.733] [INFO] FinTrack - Starting application...
[2024-12-07T12:11:19.735] [INFO] FinTrack - Starting server...
[2024-12-07T12:11:19.736] [INFO] FinTrack - Defining UI routes...
[2024-12-07T12:11:19.736] [INFO] FinTrack - Defining API routes...
[2024-12-07T12:11:19.737] [DEBUG] FinTrack - Version route created
[2024-12-07T12:11:19.737] [DEBUG] FinTrack - Dashboard route created
[2024-12-07T12:11:19.738] [DEBUG] FinTrack - Expenses route created
[2024-12-07T12:11:19.738] [DEBUG] FinTrack - AutoDebits route created
[2024-12-07T12:11:19.738] [DEBUG] FinTrack - Account route created
[2024-12-07T12:11:19.739] [DEBUG] FinTrack - Preferences route created
[2024-12-07T12:11:19.739] [DEBUG] FinTrack - Settings route created
[2024-12-07T12:11:19.742] [INFO] FinTrack - Server started on port 3000
[2024-12-07T12:11:19.795] [INFO] FinTrack - App is ready. Starting Main Window...
[2024-12-07T12:11:19.796] [DEBUG] FinTrack - Creating window...
[2024-12-07T12:11:19.842] [INFO] FinTrack - Loading User Interface...
[2024-12-07T12:11:24.114] [INFO] FinTrack - Window closed
[2024-12-07T12:11:24.115] [INFO] FinTrack - Closing application...
[2024-12-07T12:18:46.677] [INFO] FinTrack - Starting application...
[2024-12-07T12:18:46.679] [INFO] FinTrack - Starting server...
[2024-12-07T12:18:46.680] [INFO] FinTrack - Defining UI routes...
[2024-12-07T12:18:46.681] [INFO] FinTrack - Defining API routes...
[2024-12-07T12:18:46.683] [INFO] FinTrack - Server started on port 3000
[2024-12-07T12:18:46.733] [INFO] FinTrack - App is ready. Starting Main Window...
[2024-12-07T12:18:46.772] [INFO] FinTrack - Loading User Interface...
[2024-12-07T12:18:51.192] [INFO] FinTrack - Window closed
[2024-12-07T12:18:51.193] [INFO] FinTrack - Closing application...
[2024-12-07T12:24:30.048] [INFO] FinTrack - Starting application...
[2024-12-07T12:24:30.050] [INFO] FinTrack - Starting server...
[2024-12-07T12:24:30.051] [INFO] FinTrack - Defining UI routes...
[2024-12-07T12:24:30.052] [INFO] FinTrack - Defining API routes...
[2024-12-07T12:24:30.054] [INFO] FinTrack - Server started on port 3000
[2024-12-07T12:24:30.119] [INFO] FinTrack - App is ready. Starting Main Window...
[2024-12-07T12:24:30.179] [INFO] FinTrack - Loading User Interface...
[2024-12-07T12:24:32.805] [INFO] FinTrack - Window closed
[2024-12-07T12:24:32.806] [INFO] FinTrack - Closing application...
[2024-12-07T12:26:12.487] [INFO] FinTrack - Starting application...
[2024-12-07T12:26:12.489] [INFO] FinTrack - Starting server...
[2024-12-07T12:26:12.491] [INFO] FinTrack - Defining UI routes...
[2024-12-07T12:26:12.491] [INFO] FinTrack - Defining API routes...
[2024-12-07T12:26:12.493] [INFO] FinTrack - Server started on port 3000
[2024-12-07T12:26:12.547] [INFO] FinTrack - App is ready. Starting Main Window...
[2024-12-07T12:26:12.585] [INFO] FinTrack - Loading User Interface...
[2024-12-07T12:26:27.767] [INFO] FinTrack - Starting application...
[2024-12-07T12:26:27.769] [INFO] FinTrack - Starting server...
[2024-12-07T12:26:27.770] [INFO] FinTrack - Defining UI routes...
[2024-12-07T12:26:27.770] [INFO] FinTrack - Defining API routes...
[2024-12-07T12:26:27.771] [DEBUG] FinTrack - Version route created
[2024-12-07T12:26:27.771] [DEBUG] FinTrack - Dashboard route created
[2024-12-07T12:26:27.772] [DEBUG] FinTrack - Expenses route created
[2024-12-07T12:26:27.772] [DEBUG] FinTrack - AutoDebits route created
[2024-12-07T12:26:27.772] [DEBUG] FinTrack - Account route created
[2024-12-07T12:26:27.773] [DEBUG] FinTrack - Preferences route created
[2024-12-07T12:26:27.773] [DEBUG] FinTrack - Settings route created
[2024-12-07T12:26:27.776] [INFO] FinTrack - Server started on port 3000
[2024-12-07T12:26:27.830] [INFO] FinTrack - App is ready. Starting Main Window...
[2024-12-07T12:26:27.830] [DEBUG] FinTrack - Creating window...
[2024-12-07T12:26:27.887] [INFO] FinTrack - Loading User Interface...
[2024-12-07T12:26:30.439] [INFO] FinTrack - Window closed
[2024-12-07T12:26:30.440] [INFO] FinTrack - Closing application...
[2024-12-07T14:04:23.086] [INFO] FinTrack - Starting application...
[2024-12-07T14:04:44.736] [INFO] FinTrack - Starting application...
[2024-12-07T14:04:44.738] [INFO] FinTrack - <Buffer 68 65 6c 6c 6f>
[2024-12-07T14:04:44.739] [INFO] FinTrack - Starting server...
[2024-12-07T14:04:44.740] [INFO] FinTrack - Defining UI routes...
[2024-12-07T14:04:44.741] [INFO] FinTrack - Defining API routes...
[2024-12-07T14:04:44.741] [DEBUG] FinTrack - Version route created
[2024-12-07T14:04:44.742] [DEBUG] FinTrack - Dashboard route created
[2024-12-07T14:04:44.742] [DEBUG] FinTrack - Expenses route created
[2024-12-07T14:04:44.742] [DEBUG] FinTrack - AutoDebits route created
[2024-12-07T14:04:44.743] [DEBUG] FinTrack - Account route created
[2024-12-07T14:04:44.743] [DEBUG] FinTrack - Preferences route created
[2024-12-07T14:04:44.744] [DEBUG] FinTrack - Settings route created
[2024-12-07T14:04:44.751] [INFO] FinTrack - Server started on port 3000
[2024-12-07T14:04:44.839] [INFO] FinTrack - App is ready. Starting Main Window...
[2024-12-07T14:04:44.840] [DEBUG] FinTrack - Creating window...
[2024-12-07T14:04:44.890] [INFO] FinTrack - Loading User Interface...
[2024-12-07T14:05:08.407] [INFO] FinTrack - Starting application...
[2024-12-07T14:05:08.409] [INFO] FinTrack - hello
[2024-12-07T14:05:08.409] [INFO] FinTrack - Starting server...
[2024-12-07T14:05:08.410] [INFO] FinTrack - Defining UI routes...
[2024-12-07T14:05:08.411] [INFO] FinTrack - Defining API routes...
[2024-12-07T14:05:08.411] [DEBUG] FinTrack - Version route created
[2024-12-07T14:05:08.411] [DEBUG] FinTrack - Dashboard route created
[2024-12-07T14:05:08.412] [DEBUG] FinTrack - Expenses route created
[2024-12-07T14:05:08.412] [DEBUG] FinTrack - AutoDebits route created
[2024-12-07T14:05:08.413] [DEBUG] FinTrack - Account route created
[2024-12-07T14:05:08.413] [DEBUG] FinTrack - Preferences route created
[2024-12-07T14:05:08.413] [DEBUG] FinTrack - Settings route created
[2024-12-07T14:05:08.416] [INFO] FinTrack - Server started on port 3000
[2024-12-07T14:05:08.478] [INFO] FinTrack - App is ready. Starting Main Window...
[2024-12-07T14:05:08.478] [DEBUG] FinTrack - Creating window...
[2024-12-07T14:05:08.521] [INFO] FinTrack - Loading User Interface...
[2024-12-07T14:05:12.564] [INFO] FinTrack - Window closed
[2024-12-07T14:05:12.565] [INFO] FinTrack - Closing application...
[2024-12-07T17:39:53.695] [ERROR] FinTrack - Invalid start date: 12-12-2345.
[2024-12-07T17:40:21.814] [ERROR] FinTrack - Invalid start date: 12-11-2345.
[2024-12-07T17:41:36.338] [ERROR] FinTrack - Invalid start date: 07-12-2024.
[2024-12-07T17:45:34.935] [ERROR] FinTrack - Maximum 1 year range is allowed
[2024-12-07T17:45:54.904] [ERROR] FinTrack - Failed to read daily_details for 07-12-2024: Year folder 2024 not found., Error: 3
[2024-12-07T17:45:54.906] [ERROR] FinTrack - Failed to read daily_details for 08-12-2024: Year folder 2024 not found., Error: 3
[2024-12-07T17:45:54.907] [ERROR] FinTrack - Failed to read daily_details for 09-12-2024: Year folder 2024 not found., Error: 3
[2024-12-07T17:45:54.907] [ERROR] FinTrack - Failed to read daily_details for 10-12-2024: Year folder 2024 not found., Error: 3
[2024-12-07T17:45:54.908] [ERROR] FinTrack - Failed to read daily_details for 11-12-2024: Year folder 2024 not found., Error: 3
[2024-12-07T17:45:54.909] [ERROR] FinTrack - Failed to read daily_details for 12-12-2024: Year folder 2024 not found., Error: 3
[2024-12-07T17:45:54.909] [ERROR] FinTrack - Failed to read daily_details for 13-12-2024: Year folder 2024 not found., Error: 3
[2024-12-07T17:45:54.909] [ERROR] FinTrack - Failed to read daily_details for 14-12-2024: Year folder 2024 not found., Error: 3
[2024-12-07T17:45:54.910] [ERROR] FinTrack - Failed to read daily_details for 15-12-2024: Year folder 2024 not found., Error: 3
[2024-12-07T17:45:54.911] [ERROR] FinTrack - Failed to read daily_details for 16-12-2024: Year folder 2024 not found., Error: 3
[2024-12-07T17:45:54.912] [ERROR] FinTrack - Failed to read daily_details for 17-12-2024: Year folder 2024 not found., Error: 3
[2024-12-07T17:45:54.912] [ERROR] FinTrack - Failed to read daily_details for 18-12-2024: Year folder 2024 not found., Error: 3
[2024-12-07T17:45:54.912] [ERROR] FinTrack - Failed to read daily_details for 19-12-2024: Year folder 2024 not found., Error: 3
[2024-12-07T17:45:54.912] [ERROR] FinTrack - Failed to read daily_details for 20-12-2024: Year folder 2024 not found., Error: 3
[2024-12-07T17:45:54.913] [ERROR] FinTrack - Failed to read daily_details for 21-12-2024: Year folder 2024 not found., Error: 3
[2024-12-07T17:45:54.913] [ERROR] FinTrack - Failed to read daily_details for 22-12-2024: Year folder 2024 not found., Error: 3
[2024-12-07T17:45:54.913] [ERROR] FinTrack - Failed to read daily_details for 23-12-2024: Year folder 2024 not found., Error: 3
[2024-12-07T17:45:54.913] [ERROR] FinTrack - Failed to read daily_details for 24-12-2024: Year folder 2024 not found., Error: 3
[2024-12-07T17:45:54.914] [ERROR] FinTrack - Failed to read daily_details for 25-12-2024: Year folder 2024 not found., Error: 3
[2024-12-07T17:45:54.914] [ERROR] FinTrack - Failed to read daily_details for 26-12-2024: Year folder 2024 not found., Error: 3
[2024-12-07T17:45:54.915] [ERROR] FinTrack - Failed to read daily_details for 27-12-2024: Year folder 2024 not found., Error: 3
[2024-12-07T17:45:54.916] [ERROR] FinTrack - Failed to read daily_details for 28-12-2024: Year folder 2024 not found., Error: 3
[2024-12-07T17:45:54.916] [ERROR] FinTrack - Failed to read daily_details for 29-12-2024: Year folder 2024 not found., Error: 3
[2024-12-07T17:45:54.917] [ERROR] FinTrack - Failed to read daily_details for 30-12-2024: Year folder 2024 not found., Error: 3
[2024-12-07T17:45:54.917] [ERROR] FinTrack - Failed to read daily_details for 31-12-2024: Year folder 2024 not found., Error: 3
[2024-12-08T02:09:26.252] [INFO] FinTrack - Starting application...
[2024-12-08T02:09:26.256] [INFO] FinTrack - Starting server...
[2024-12-08T02:09:26.259] [INFO] FinTrack - Defining UI routes...
[2024-12-08T02:09:26.260] [INFO] FinTrack - Defining API routes...
[2024-12-08T02:09:26.261] [DEBUG] FinTrack - Version route created
[2024-12-08T02:09:26.262] [DEBUG] FinTrack - Dashboard route created
[2024-12-08T02:09:26.263] [DEBUG] FinTrack - Expenses route created
[2024-12-08T02:09:26.264] [DEBUG] FinTrack - AutoDebits route created
[2024-12-08T02:09:26.266] [DEBUG] FinTrack - Account route created
[2024-12-08T02:09:26.267] [DEBUG] FinTrack - Preferences route created
[2024-12-08T02:09:26.267] [DEBUG] FinTrack - Settings route created
[2024-12-08T02:09:26.272] [INFO] FinTrack - Server started on port 3000
[2024-12-08T02:09:26.496] [INFO] FinTrack - App is ready. Starting Main Window...
[2024-12-08T02:09:26.496] [DEBUG] FinTrack - Creating window...
[2024-12-08T02:09:26.550] [INFO] FinTrack - Loading User Interface...
[2024-12-08T02:10:19.112] [INFO] FinTrack - Starting application...
[2024-12-08T02:10:19.114] [INFO] FinTrack - Starting server...
[2024-12-08T02:10:19.116] [INFO] FinTrack - Defining UI routes...
[2024-12-08T02:10:19.116] [INFO] FinTrack - Defining API routes...
[2024-12-08T02:10:19.117] [DEBUG] FinTrack - Version route created
[2024-12-08T02:10:19.117] [DEBUG] FinTrack - Dashboard route created
[2024-12-08T02:10:19.118] [DEBUG] FinTrack - Expenses route created
[2024-12-08T02:10:19.118] [DEBUG] FinTrack - AutoDebits route created
[2024-12-08T02:10:19.118] [DEBUG] FinTrack - Account route created
[2024-12-08T02:10:19.119] [DEBUG] FinTrack - Preferences route created
[2024-12-08T02:10:19.119] [DEBUG] FinTrack - Settings route created
[2024-12-08T02:10:19.121] [INFO] FinTrack - Server started on port 3001
[2024-12-08T02:10:19.184] [INFO] FinTrack - App is ready. Starting Main Window...
[2024-12-08T02:10:19.184] [DEBUG] FinTrack - Creating window...
[2024-12-08T02:10:19.247] [INFO] FinTrack - Loading User Interface...
